Determining if the pthread_create exist failed with the following output:
Change Dir: /home/leo/UAV/build/CMakeFiles/CMakeTmp

Run Build Command:"/usr/bin/make" "cmTC_1a412/fast"
/usr/bin/make -f CMakeFiles/cmTC_1a412.dir/build.make CMakeFiles/cmTC_1a412.dir/build
make[1]: Entering directory '/home/leo/UAV/build/CMakeFiles/CMakeTmp'
Building C object CMakeFiles/cmTC_1a412.dir/CheckSymbolExists.c.o
/usr/bin/cc    -o CMakeFiles/cmTC_1a412.dir/CheckSymbolExists.c.o   -c /home/leo/UAV/build/CMakeFiles/CMakeTmp/CheckSymbolExists.c
Linking C executable cmTC_1a412
/usr/bin/cmake -E cmake_link_script CMakeFiles/cmTC_1a412.dir/link.txt --verbose=1
/usr/bin/cc      -rdynamic CMakeFiles/cmTC_1a412.dir/CheckSymbolExists.c.o  -o cmTC_1a412 
CMakeFiles/cmTC_1a412.dir/CheckSymbolExists.c.o: 於函式 main:
CheckSymbolExists.c:(.text+0x1b): 未定義參考到 pthread_create
collect2: error: ld returned 1 exit status
CMakeFiles/cmTC_1a412.dir/build.make:97: recipe for target 'cmTC_1a412' failed
make[1]: *** [cmTC_1a412] Error 1
make[1]: Leaving directory '/home/leo/UAV/build/CMakeFiles/CMakeTmp'
Makefile:126: recipe for target 'cmTC_1a412/fast' failed
make: *** [cmTC_1a412/fast] Error 2

File /home/leo/UAV/build/CMakeFiles/CMakeTmp/CheckSymbolExists.c:
/* */
#include <pthread.h>

int main(int argc, char** argv)
{
  (void)argv;
#ifndef pthread_create
  return ((int*)(&pthread_create))[argc];
#else
  (void)argc;
  return 0;
#endif
}

Determining if the function pthread_create exists in the pthreads failed with the following output:
Change Dir: /home/leo/UAV/build/CMakeFiles/CMakeTmp

Run Build Command:"/usr/bin/make" "cmTC_212e2/fast"
/usr/bin/make -f CMakeFiles/cmTC_212e2.dir/build.make CMakeFiles/cmTC_212e2.dir/build
make[1]: Entering directory '/home/leo/UAV/build/CMakeFiles/CMakeTmp'
Building C object CMakeFiles/cmTC_212e2.dir/CheckFunctionExists.c.o
/usr/bin/cc   -DCHECK_FUNCTION_EXISTS=pthread_create   -o CMakeFiles/cmTC_212e2.dir/CheckFunctionExists.c.o   -c /usr/share/cmake-3.10/Modules/CheckFunctionExists.c
Linking C executable cmTC_212e2
/usr/bin/cmake -E cmake_link_script CMakeFiles/cmTC_212e2.dir/link.txt --verbose=1
/usr/bin/cc  -DCHECK_FUNCTION_EXISTS=pthread_create    -rdynamic CMakeFiles/cmTC_212e2.dir/CheckFunctionExists.c.o  -o cmTC_212e2 -lpthreads 
/usr/bin/ld: 找不到 -lpthreads
collect2: error: ld returned 1 exit status
CMakeFiles/cmTC_212e2.dir/build.make:97: recipe for target 'cmTC_212e2' failed
make[1]: *** [cmTC_212e2] Error 1
make[1]: Leaving directory '/home/leo/UAV/build/CMakeFiles/CMakeTmp'
Makefile:126: recipe for target 'cmTC_212e2/fast' failed
make: *** [cmTC_212e2/fast] Error 2


Determining if the include file pgm.h exists failed with the following output:
Change Dir: /home/leo/UAV/build/CMakeFiles/CMakeTmp

Run Build Command:"/usr/bin/make" "cmTC_099d7/fast"
make[1]: Entering directory '/home/leo/UAV/build/CMakeFiles/CMakeTmp'
/usr/bin/make -f CMakeFiles/cmTC_099d7.dir/build.make CMakeFiles/cmTC_099d7.dir/build
make[2]: Entering directory '/home/leo/UAV/build/CMakeFiles/CMakeTmp'
Building CXX object CMakeFiles/cmTC_099d7.dir/CheckIncludeFile.cxx.o
/usr/bin/c++     -o CMakeFiles/cmTC_099d7.dir/CheckIncludeFile.cxx.o -c /home/leo/UAV/build/CMakeFiles/CMakeTmp/CheckIncludeFile.cxx
/home/leo/UAV/build/CMakeFiles/CMakeTmp/CheckIncludeFile.cxx:1:10: fatal error: pgm.h: 沒有此一檔案或目錄
 #include <pgm.h>
          ^~~~~~~
compilation terminated.
CMakeFiles/cmTC_099d7.dir/build.make:65: recipe for target 'CMakeFiles/cmTC_099d7.dir/CheckIncludeFile.cxx.o' failed
make[2]: *** [CMakeFiles/cmTC_099d7.dir/CheckIncludeFile.cxx.o] Error 1
make[2]: Leaving directory '/home/leo/UAV/build/CMakeFiles/CMakeTmp'
Makefile:126: recipe for target 'cmTC_099d7/fast' failed
make[1]: *** [cmTC_099d7/fast] Error 2
make[1]: Leaving directory '/home/leo/UAV/build/CMakeFiles/CMakeTmp'


